Using pre-set license
Built from '2020.3/staging' branch; Version is '2020.3.5f1 (8095aa901b9b) revision 8426922'; Using compiler version '192528614'; Build Type 'Release'
OS: 'Windows 10 Pro; OS build 19044.2251; Version 2009; 64bit' Language: 'en' Physical Memory: 4004 MB
BatchMode: 1, IsHumanControllingUs: 0, StartBugReporterOnCrash: 0, Is64bit: 1, IsPro: 0

 COMMAND LINE ARGUMENTS:
D:\CET REVIEWER\2020.3.5f1\Editor\Unity.exe
-adb2
-batchMode
-noUpm
-name
AssetImportWorker51
-projectPath
D:/CET REVIEWER/cpe40032-u3-lapay
-logFile
Logs/AssetImportWorker51.log
-srvPort
56038
Successfully changed project path to: D:/CET REVIEWER/cpe40032-u3-lapay
D:/CET REVIEWER/cpe40032-u3-lapay
Using Asset Import Pipeline V2.
Refreshing native plugins compatible for Editor in 151.40 ms, found 0 plugins.
Preloading 0 native plugins for Editor in 0.00 ms.
Initialize engine version: 2020.3.5f1 (8095aa901b9b)
[Subsystems] Discovering subsystems at path D:/CET REVIEWER/2020.3.5f1/Editor/Data/Resources/UnitySubsystems
[Subsystems] Discovering subsystems at path D:/CET REVIEWER/cpe40032-u3-lapay/Assets
GfxDevice: creating device client; threaded=0
Direct3D:
    Version:  Direct3D 11.0 [level 10.1]
    Renderer: Intel(R) HD Graphics 3000 (ID=0x116)
    Vendor:   
    VRAM:     128 MB
    Driver:   9.17.10.4459
Initialize mono
Mono path[0] = 'D:/CET REVIEWER/2020.3.5f1/Editor/Data/Managed'
Mono path[1] = 'D:/CET REVIEWER/2020.3.5f1/Editor/Data/MonoBleedingEdge/lib/mono/unityjit'
Mono config path = 'D:/CET REVIEWER/2020.3.5f1/Editor/Data/MonoBleedingEdge/etc'
Using monoOptions --debugger-agent=transport=dt_socket,embedding=1,server=y,suspend=n,address=127.0.0.1:56036
Begin MonoManager ReloadAssembly
Registering precompiled unity dll's ...
Trying to register platform support module: D:/CET REVIEWER/2020.3.5f1/Editor/Data/PlaybackEngines/WebGLSupport/UnityEditor.WebGL.Extensions.dll (that doesn't exist). Retrying without overrides.
Platform support module is not available: D:/CET REVIEWER/2020.3.5f1/Editor/Data/PlaybackEngines/WebGLSupport/UnityEditor.WebGL.Extensions.dll
Register platform support module: D:/CET REVIEWER/2020.3.5f1/Editor/Data/PlaybackEngines/MacStandaloneSupport/UnityEditor.OSXStandalone.Extensions.dll
Register platform support module: D:/CET REVIEWER/2020.3.5f1/Editor/Data/PlaybackEngines/WindowsStandaloneSupport/UnityEditor.WindowsStandalone.Extensions.dll
Register platform support module: D:/CET REVIEWER/2020.3.5f1/Editor/Data/PlaybackEngines/LinuxStandaloneSupport/UnityEditor.LinuxStandalone.Extensions.dll
Register platform support module: D:/CET REVIEWER/2020.3.5f1/Editor/Data/PlaybackEngines/LuminSupport/UnityEditor.Lumin.Extensions.dll
Registered in 0.012332 seconds.
Native extension for Lumin target not found
Native extension for LinuxStandalone target not found
Native extension for WindowsStandalone target not found
Native extension for OSXStandalone target not found
Refreshing native plugins compatible for Editor in 283.88 ms, found 0 plugins.
Preloading 0 native plugins for Editor in 0.00 ms.
Mono: successfully reloaded assembly
- Completed reload, in 13.816 seconds
Platform modules already initialized, skipping
Registering precompiled user dll's ...
Registered in 0.003630 seconds.
Begin MonoManager ReloadAssembly
Native extension for Lumin target not found
Native extension for LinuxStandalone target not found
Native extension for WindowsStandalone target not found
Native extension for OSXStandalone target not found
Refreshing native plugins compatible for Editor in 0.67 ms, found 0 plugins.
Preloading 0 native plugins for Editor in 0.00 ms.
Mono: successfully reloaded assembly
- Completed reload, in  6.762 seconds
Platform modules already initialized, skipping
========================================================================
Worker process is ready to serve import requests
Launched and connected shader compiler UnityShaderCompiler.exe after 0.93 seconds
Refreshing native plugins compatible for Editor in 0.73 ms, found 0 plugins.
Preloading 0 native plugins for Editor in 0.00 ms.
Unloading 1117 Unused Serialized files (Serialized files now loaded: 0)
System memory in use before: 57.8 MB.
System memory in use after: 57.8 MB.

Unloading 10 unused Assets to reduce memory usage. Loaded Objects now: 1560.
Total: 7.734100 ms (FindLiveObjects: 0.392600 ms CreateObjectMapping: 0.177500 ms MarkObjects: 6.828000 ms  DeleteObjects: 0.329400 ms)

========================================================================
Received Import Request.
  path: Assets/Scripts/PlayerController.cs
  artifactKey: Guid(92ed1e98934a9f5429bab6bcde89f2fb) Importer(815301076,1909f56bfc062723c751e8b465ee728b)
Start importing Assets/Scripts/PlayerController.cs using Guid(92ed1e98934a9f5429bab6bcde89f2fb) Importer(815301076,1909f56bfc062723c751e8b465ee728b)  -> (artifact id: 'a0808eaeb511b2fc8ff32d4e2d427a55') in 0.947260 seconds
  Import took 0.985017 seconds .

========================================================================
Received Prepare
Registering precompiled user dll's ...
Registered in 0.002262 seconds.
Begin MonoManager ReloadAssembly
Native extension for Lumin target not found
Native extension for LinuxStandalone target not found
Native extension for WindowsStandalone target not found
Native extension for OSXStandalone target not found
Refreshing native plugins compatible for Editor in 0.88 ms, found 0 plugins.
Preloading 0 native plugins for Editor in 0.00 ms.
Mono: successfully reloaded assembly
- Completed reload, in  8.817 seconds
Platform modules already initialized, skipping
Refreshing native plugins compatible for Editor in 0.89 ms, found 0 plugins.
Preloading 0 native plugins for Editor in 0.00 ms.
Unloading 1111 Unused Serialized files (Serialized files now loaded: 0)
System memory in use before: 57.6 MB.
System memory in use after: 57.7 MB.

Unloading 5 unused Assets to reduce memory usage. Loaded Objects now: 1563.
Total: 7.345000 ms (FindLiveObjects: 0.792400 ms CreateObjectMapping: 0.341800 ms MarkObjects: 5.906500 ms  DeleteObjects: 0.298400 ms)

========================================================================
Received Import Request.
  Time since last request: 383.597746 seconds.
  path: Assets/Scripts/PlayerController.cs
  artifactKey: Guid(92ed1e98934a9f5429bab6bcde89f2fb) Importer(815301076,1909f56bfc062723c751e8b465ee728b)
Start importing Assets/Scripts/PlayerController.cs using Guid(92ed1e98934a9f5429bab6bcde89f2fb) Importer(815301076,1909f56bfc062723c751e8b465ee728b)  -> (artifact id: 'fa68fd0120c3eb689099ef576c30ce82') in 0.037869 seconds
  Import took 0.059098 seconds .

========================================================================
Received Import Request.
  Time since last request: 27.351150 seconds.
  path: Assets/Scripts
  artifactKey: Guid(5112e753566242846b129d9a4e1fdfa8) Importer(815301076,1909f56bfc062723c751e8b465ee728b)
Start importing Assets/Scripts using Guid(5112e753566242846b129d9a4e1fdfa8) Importer(815301076,1909f56bfc062723c751e8b465ee728b)  -> (artifact id: '1ae38e21f35421c48de22acf8ff430f0') in 0.133101 seconds
  Import took 0.393008 seconds .

========================================================================
Received Prepare
Registering precompiled user dll's ...
Registered in 0.003228 seconds.
Begin MonoManager ReloadAssembly
Native extension for Lumin target not found
Native extension for LinuxStandalone target not found
Native extension for WindowsStandalone target not found
Native extension for OSXStandalone target not found
Refreshing native plugins compatible for Editor in 0.51 ms, found 0 plugins.
Preloading 0 native plugins for Editor in 0.00 ms.
Mono: successfully reloaded assembly
- Completed reload, in  3.776 seconds
Platform modules already initialized, skipping
Refreshing native plugins compatible for Editor in 0.91 ms, found 0 plugins.
Preloading 0 native plugins for Editor in 0.00 ms.
Unloading 1112 Unused Serialized files (Serialized files now loaded: 0)
System memory in use before: 57.7 MB.
System memory in use after: 57.7 MB.

Unloading 5 unused Assets to reduce memory usage. Loaded Objects now: 1567.
Total: 6.861400 ms (FindLiveObjects: 0.555500 ms CreateObjectMapping: 0.149200 ms MarkObjects: 5.977000 ms  DeleteObjects: 0.173000 ms)

========================================================================
Received Import Request.
  Time since last request: 33.617346 seconds.
  path: Assets/Scripts/MoveLeft.cs
  artifactKey: Guid(48bc424a98caa9944a68e51a734b806b) Importer(815301076,1909f56bfc062723c751e8b465ee728b)
Start importing Assets/Scripts/MoveLeft.cs using Guid(48bc424a98caa9944a68e51a734b806b) Importer(815301076,1909f56bfc062723c751e8b465ee728b)  -> (artifact id: 'a10424bcd1a5c878bf5a1329710108cb') in 0.686308 seconds
  Import took 0.789012 seconds .

========================================================================
Received Prepare
Registering precompiled user dll's ...
Registered in 0.001319 seconds.
Begin MonoManager ReloadAssembly
Native extension for Lumin target not found
Native extension for LinuxStandalone target not found
Native extension for WindowsStandalone target not found
Native extension for OSXStandalone target not found
Refreshing native plugins compatible for Editor in 1.23 ms, found 0 plugins.
Preloading 0 native plugins for Editor in 0.00 ms.
Mono: successfully reloaded assembly
- Completed reload, in  6.134 seconds
Platform modules already initialized, skipping
Refreshing native plugins compatible for Editor in 1.53 ms, found 0 plugins.
Preloading 0 native plugins for Editor in 0.00 ms.
Unloading 1112 Unused Serialized files (Serialized files now loaded: 0)
System memory in use before: 57.7 MB.
System memory in use after: 57.8 MB.

Unloading 5 unused Assets to reduce memory usage. Loaded Objects now: 1570.
Total: 11.295200 ms (FindLiveObjects: 3.083700 ms CreateObjectMapping: 0.380800 ms MarkObjects: 7.625800 ms  DeleteObjects: 0.198400 ms)

========================================================================
Received Prepare
Registering precompiled user dll's ...
Registered in 0.001112 seconds.
Begin MonoManager ReloadAssembly
Native extension for Lumin target not found
Native extension for LinuxStandalone target not found
Native extension for WindowsStandalone target not found
Native extension for OSXStandalone target not found
Refreshing native plugins compatible for Editor in 1.19 ms, found 0 plugins.
Preloading 0 native plugins for Editor in 0.00 ms.
Mono: successfully reloaded assembly
- Completed reload, in  6.332 seconds
Platform modules already initialized, skipping
Refreshing native plugins compatible for Editor in 0.50 ms, found 0 plugins.
Preloading 0 native plugins for Editor in 0.00 ms.
Unloading 1112 Unused Serialized files (Serialized files now loaded: 0)
System memory in use before: 57.7 MB.
System memory in use after: 57.8 MB.

Unloading 5 unused Assets to reduce memory usage. Loaded Objects now: 1573.
Total: 4.725200 ms (FindLiveObjects: 0.312400 ms CreateObjectMapping: 0.101300 ms MarkObjects: 4.127000 ms  DeleteObjects: 0.180500 ms)

========================================================================
Received Import Request.
  Time since last request: 229.945437 seconds.
  path: Assets/Scripts/MoveLeft.cs
  artifactKey: Guid(48bc424a98caa9944a68e51a734b806b) Importer(815301076,1909f56bfc062723c751e8b465ee728b)
Start importing Assets/Scripts/MoveLeft.cs using Guid(48bc424a98caa9944a68e51a734b806b) Importer(815301076,1909f56bfc062723c751e8b465ee728b)  -> (artifact id: '62dfc6b473e2aa65078af8877059533e') in 0.017240 seconds
  Import took 0.059910 seconds .

========================================================================
Received Import Request.
  Time since last request: 0.560405 seconds.
  path: Assets/Scripts/MoveLeft.cs
  artifactKey: Guid(48bc424a98caa9944a68e51a734b806b) Importer(815301076,1909f56bfc062723c751e8b465ee728b)
Start importing Assets/Scripts/MoveLeft.cs using Guid(48bc424a98caa9944a68e51a734b806b) Importer(815301076,1909f56bfc062723c751e8b465ee728b)  -> (artifact id: '62dfc6b473e2aa65078af8877059533e') in 0.028994 seconds
  Import took 0.047824 seconds .

========================================================================
Received Prepare
Registering precompiled user dll's ...
Registered in 0.003042 seconds.
Begin MonoManager ReloadAssembly
Native extension for Lumin target not found
Native extension for LinuxStandalone target not found
Native extension for WindowsStandalone target not found
Native extension for OSXStandalone target not found
Refreshing native plugins compatible for Editor in 0.61 ms, found 0 plugins.
Preloading 0 native plugins for Editor in 0.00 ms.
Mono: successfully reloaded assembly
- Completed reload, in  5.319 seconds
Platform modules already initialized, skipping
Refreshing native plugins compatible for Editor in 0.68 ms, found 0 plugins.
Preloading 0 native plugins for Editor in 0.00 ms.
Unloading 1112 Unused Serialized files (Serialized files now loaded: 0)
System memory in use before: 57.7 MB.
System memory in use after: 57.8 MB.

Unloading 5 unused Assets to reduce memory usage. Loaded Objects now: 1576.
Total: 5.106000 ms (FindLiveObjects: 0.522500 ms CreateObjectMapping: 0.114100 ms MarkObjects: 4.329700 ms  DeleteObjects: 0.134800 ms)

========================================================================
Received Import Request.
  Time since last request: 62.221423 seconds.
  path: Assets/Scripts/MoveLeft.cs
  artifactKey: Guid(48bc424a98caa9944a68e51a734b806b) Importer(815301076,1909f56bfc062723c751e8b465ee728b)
Start importing Assets/Scripts/MoveLeft.cs using Guid(48bc424a98caa9944a68e51a734b806b) Importer(815301076,1909f56bfc062723c751e8b465ee728b)  -> (artifact id: 'bb254674c24a8e22c1de63a28ee58b11') in 0.014587 seconds
  Import took 0.048393 seconds .

========================================================================
Received Import Request.
  Time since last request: 103.260862 seconds.
  path: Assets
  artifactKey: Guid(00000000000000001000000000000000) Importer(815301076,1909f56bfc062723c751e8b465ee728b)
Start importing Assets using Guid(00000000000000001000000000000000) Importer(815301076,1909f56bfc062723c751e8b465ee728b)  -> (artifact id: 'e4856052512617ee48189cf1d7999900') in 0.128153 seconds
  Import took 0.350861 seconds .

========================================================================
Received Prepare
Registering precompiled user dll's ...
Registered in 0.001565 seconds.
Begin MonoManager ReloadAssembly
Native extension for Lumin target not found
Native extension for LinuxStandalone target not found
Native extension for WindowsStandalone target not found
Native extension for OSXStandalone target not found
Refreshing native plugins compatible for Editor in 0.81 ms, found 0 plugins.
Preloading 0 native plugins for Editor in 0.00 ms.
Mono: successfully reloaded assembly
- Completed reload, in 11.942 seconds
Platform modules already initialized, skipping
Script is not up to date after domain reload: guid(2a3da6ee80e5d154f9fcc83340c60883) path("Assets/Scripts/SpawnManager.cs") state(2)
Refreshing native plugins compatible for Editor in 0.38 ms, found 0 plugins.
Preloading 0 native plugins for Editor in 0.00 ms.
Unloading 1112 Unused Serialized files (Serialized files now loaded: 0)
System memory in use before: 57.7 MB.
System memory in use after: 57.8 MB.

Unloading 5 unused Assets to reduce memory usage. Loaded Objects now: 1579.
Total: 3.064000 ms (FindLiveObjects: 0.209200 ms CreateObjectMapping: 0.070500 ms MarkObjects: 2.685500 ms  DeleteObjects: 0.095900 ms)

========================================================================
Received Prepare
Registering precompiled user dll's ...
Registered in 0.023286 seconds.
Begin MonoManager ReloadAssembly
Native extension for Lumin target not found
Native extension for LinuxStandalone target not found
Native extension for WindowsStandalone target not found
Native extension for OSXStandalone target not found
Refreshing native plugins compatible for Editor in 1.81 ms, found 0 plugins.
Preloading 0 native plugins for Editor in 0.00 ms.
Mono: successfully reloaded assembly
- Completed reload, in  7.895 seconds
Platform modules already initialized, skipping
Refreshing native plugins compatible for Editor in 1.24 ms, found 0 plugins.
Preloading 0 native plugins for Editor in 0.00 ms.
Unloading 1113 Unused Serialized files (Serialized files now loaded: 0)
System memory in use before: 57.7 MB.
System memory in use after: 57.8 MB.

Unloading 5 unused Assets to reduce memory usage. Loaded Objects now: 1583.
Total: 8.354100 ms (FindLiveObjects: 0.452800 ms CreateObjectMapping: 0.177500 ms MarkObjects: 7.466300 ms  DeleteObjects: 0.249400 ms)

========================================================================
Received Import Request.
  Time since last request: 160.775126 seconds.
  path: Assets/Scripts/SpawnManager.cs
  artifactKey: Guid(2a3da6ee80e5d154f9fcc83340c60883) Importer(815301076,1909f56bfc062723c751e8b465ee728b)
Start importing Assets/Scripts/SpawnManager.cs using Guid(2a3da6ee80e5d154f9fcc83340c60883) Importer(815301076,1909f56bfc062723c751e8b465ee728b)  -> (artifact id: '72cd638676b5adf307676fa514b2741c') in 0.271910 seconds
  Import took 0.353224 seconds .

========================================================================
Received Import Request.
  Time since last request: 685.045133 seconds.
  path: Assets/Prefabs/Obstacle.prefab
  artifactKey: Guid(d56cb8217fdd450498278dfad6901b1f) Importer(815301076,1909f56bfc062723c751e8b465ee728b)
Start importing Assets/Prefabs/Obstacle.prefab using Guid(d56cb8217fdd450498278dfad6901b1f) Importer(815301076,1909f56bfc062723c751e8b465ee728b)  -> (artifact id: '1a43403772d046e05dfc761e394e9afc') in 1.322083 seconds
  Import took 1.345208 seconds .

========================================================================
Received Import Request.
  Time since last request: 17.883087 seconds.
  path: Assets/Scripts/SpawnManager.cs
  artifactKey: Guid(2a3da6ee80e5d154f9fcc83340c60883) Importer(815301076,1909f56bfc062723c751e8b465ee728b)
Start importing Assets/Scripts/SpawnManager.cs using Guid(2a3da6ee80e5d154f9fcc83340c60883) Importer(815301076,1909f56bfc062723c751e8b465ee728b)  -> (artifact id: 'a27fee7333f16c4ee4c64525cb1cb756') in 0.070695 seconds
  Import took 0.130308 seconds .

========================================================================
Received Prepare
Registering precompiled user dll's ...
Registered in 0.002978 seconds.
Begin MonoManager ReloadAssembly
Native extension for Lumin target not found
Native extension for LinuxStandalone target not found
Native extension for WindowsStandalone target not found
Native extension for OSXStandalone target not found
Refreshing native plugins compatible for Editor in 0.59 ms, found 0 plugins.
Preloading 0 native plugins for Editor in 0.00 ms.
Mono: successfully reloaded assembly
- Completed reload, in  6.371 seconds
Platform modules already initialized, skipping
Refreshing native plugins compatible for Editor in 0.80 ms, found 0 plugins.
Preloading 0 native plugins for Editor in 0.00 ms.
Unloading 1113 Unused Serialized files (Serialized files now loaded: 0)
System memory in use before: 60.9 MB.
System memory in use after: 60.9 MB.

Unloading 5 unused Assets to reduce memory usage. Loaded Objects now: 1593.
Total: 5.213300 ms (FindLiveObjects: 0.434900 ms CreateObjectMapping: 0.255200 ms MarkObjects: 4.377400 ms  DeleteObjects: 0.141900 ms)

========================================================================
Received Import Request.
  Time since last request: 85.005745 seconds.
  path: Assets/Scripts/SpawnManager.cs
  artifactKey: Guid(2a3da6ee80e5d154f9fcc83340c60883) Importer(815301076,1909f56bfc062723c751e8b465ee728b)
Start importing Assets/Scripts/SpawnManager.cs using Guid(2a3da6ee80e5d154f9fcc83340c60883) Importer(815301076,1909f56bfc062723c751e8b465ee728b)  -> (artifact id: 'ea39a897c52148fcb0a6f6aa09a65b24') in 0.044741 seconds
  Import took 0.086432 seconds .

========================================================================
Received Prepare
Registering precompiled user dll's ...
Registered in 0.011538 seconds.
Begin MonoManager ReloadAssembly
Native extension for Lumin target not found
Native extension for LinuxStandalone target not found
Native extension for WindowsStandalone target not found
Native extension for OSXStandalone target not found
Refreshing native plugins compatible for Editor in 0.59 ms, found 0 plugins.
Preloading 0 native plugins for Editor in 0.00 ms.
Mono: successfully reloaded assembly
- Completed reload, in  4.772 seconds
Platform modules already initialized, skipping
Refreshing native plugins compatible for Editor in 0.38 ms, found 0 plugins.
Preloading 0 native plugins for Editor in 0.00 ms.
Unloading 1113 Unused Serialized files (Serialized files now loaded: 0)
System memory in use before: 60.9 MB.
System memory in use after: 61.0 MB.

Unloading 5 unused Assets to reduce memory usage. Loaded Objects now: 1596.
Total: 2.902200 ms (FindLiveObjects: 0.183400 ms CreateObjectMapping: 0.064600 ms MarkObjects: 2.512300 ms  DeleteObjects: 0.139200 ms)

========================================================================
Received Prepare
Registering precompiled user dll's ...
Registered in 0.003258 seconds.
Begin MonoManager ReloadAssembly
Native extension for Lumin target not found
Native extension for LinuxStandalone target not found
Native extension for WindowsStandalone target not found
Native extension for OSXStandalone target not found
Refreshing native plugins compatible for Editor in 1.50 ms, found 0 plugins.
Preloading 0 native plugins for Editor in 0.00 ms.
Mono: successfully reloaded assembly
- Completed reload, in  6.013 seconds
Platform modules already initialized, skipping
Refreshing native plugins compatible for Editor in 0.92 ms, found 0 plugins.
Preloading 0 native plugins for Editor in 0.00 ms.
Unloading 1113 Unused Serialized files (Serialized files now loaded: 0)
System memory in use before: 60.9 MB.
System memory in use after: 61.0 MB.

Unloading 5 unused Assets to reduce memory usage. Loaded Objects now: 1599.
Total: 8.966700 ms (FindLiveObjects: 0.416300 ms CreateObjectMapping: 0.255100 ms MarkObjects: 8.076600 ms  DeleteObjects: 0.211300 ms)

========================================================================
Received Prepare
Registering precompiled user dll's ...
Registered in 0.003108 seconds.
Begin MonoManager ReloadAssembly
Native extension for Lumin target not found
Native extension for LinuxStandalone target not found
Native extension for WindowsStandalone target not found
Native extension for OSXStandalone target not found
Refreshing native plugins compatible for Editor in 2.17 ms, found 0 plugins.
Preloading 0 native plugins for Editor in 0.00 ms.
Mono: successfully reloaded assembly
- Completed reload, in  7.409 seconds
Platform modules already initialized, skipping
Refreshing native plugins compatible for Editor in 0.91 ms, found 0 plugins.
Preloading 0 native plugins for Editor in 0.00 ms.
Unloading 1113 Unused Serialized files (Serialized files now loaded: 0)
System memory in use before: 60.9 MB.
System memory in use after: 61.0 MB.

Unloading 5 unused Assets to reduce memory usage. Loaded Objects now: 1602.
Total: 6.192500 ms (FindLiveObjects: 0.770900 ms CreateObjectMapping: 0.164300 ms MarkObjects: 5.071400 ms  DeleteObjects: 0.180900 ms)

